
> frontend@0.1.0 dev
> next dev --turbopack

   ▲ Next.js 15.3.4 (Turbopack)
   - Local:        http://localhost:3000
   - Network:      http://10.255.255.254:3000

 ✓ Starting...
 ✓ Ready in 3s
 ○ Compiling / ...
 ✓ Compiled / in 11.3s
 GET / 307 in 13290ms
 GET / 307 in 396ms
 ○ Compiling /login ...
 ✓ Compiled /login in 3.4s
 GET /login 200 in 3519ms
 ○ Compiling /classificacao ...
 ✓ Compiled /classificacao in 2.8s
 GET /classificacao 200 in 2899ms
 ○ Compiling /respostas ...
 ✓ Compiled /respostas in 1974ms
 GET /respostas 200 in 2042ms
 GET /login 200 in 512ms
 ○ Compiling /registrar ...
 ✓ Compiled /registrar in 5.2s
 GET /registrar 200 in 5341ms
 ✓ Compiled in 7s
[?25h
